{
  "RSpec": {
    "coverage": {
      "/Users/troiani/Developer/MariaRonin/week9/streetFood/app/models/user.rb": [
        1,
        null,
        null,
        1,
        1,
        null,
        1,
        1,
        null,
        null,
        1,
        0,
        0,
        0,
        null,
        null,
        null,
        null,
        null
      ],
      "/Users/troiani/Developer/MariaRonin/week9/streetFood/app/helpers/application_helper.rb": [
        1,
        null
      ],
      "/Users/troiani/Developer/MariaRonin/week9/streetFood/app/helpers/events_helper.rb": [
        1,
        null
      ],
      "/Users/troiani/Developer/MariaRonin/week9/streetFood/app/helpers/stalls_helper.rb": [
        1,
        null
      ],
      "/Users/troiani/Developer/MariaRonin/week9/streetFood/app/controllers/stalls_controller.rb": [
        1,
        null,
        1,
        1,
        null,
        1,
        43,
        1,
        1,
        null,
        42,
        null,
        null,
        null,
        1,
        0,
        null,
        null,
        1,
        7,
        null,
        null,
        1,
        null,
        7,
        7,
        7,
        7,
        null,
        0,
        0,
        null,
        null,
        null,
        1,
        1,
        1,
        null,
        null,
        1,
        1,
        null,
        null,
        1,
        1,
        1,
        1,
        null,
        null,
        1,
        1,
        1,
        1,
        1,
        null,
        null,
        1,
        null,
        1,
        8,
        null,
        null,
        1,
        3,
        3,
        0,
        0,
        null,
        null,
        null
      ],
      "/Users/troiani/Developer/MariaRonin/week9/streetFood/app/controllers/application_controller.rb": [
        1,
        1,
        null
      ],
      "/Users/troiani/Developer/MariaRonin/week9/streetFood/app/models/stall.rb": [
        1,
        1,
        1,
        1,
        1,
        1,
        1,
        null,
        1,
        null,
        1,
        null,
        1,
        1,
        null,
        null
      ],
      "/Users/troiani/Developer/MariaRonin/week9/streetFood/app/controllers/registrations_controller.rb": [
        1,
        null,
        1,
        null,
        1,
        13,
        null,
        null,
        1,
        0,
        null,
        null
      ],
      "/Users/troiani/Developer/MariaRonin/week9/streetFood/app/models/event.rb": [
        1,
        1,
        null
      ],
      "/Users/troiani/Developer/MariaRonin/week9/streetFood/app/controllers/events_controller.rb": [
        0,
        0,
        0,
        0,
        0,
        0,
        0,
        0,
        0,
        0,
        0,
        0,
        0,
        0,
        0,
        0,
        0,
        0,
        0,
        0,
        0,
        0,
        0,
        0,
        0,
        0,
        0,
        0,
        0,
        0,
        0,
        0,
        0,
        0,
        0,
        0,
        0,
        0,
        0,
        0,
        0,
        0,
        0,
        0,
        0,
        0,
        0,
        0,
        0,
        0,
        0,
        0,
        0,
        0,
        0,
        0,
        0,
        0,
        0,
        0,
        0,
        0,
        0
      ],
      "/Users/troiani/Developer/MariaRonin/week9/streetFood/app/controllers/users/omniauth_callbacks_controller.rb": [
        0,
        0,
        0,
        0,
        0,
        0,
        0,
        0,
        0,
        0,
        0,
        0,
        0,
        0,
        0,
        0,
        0,
        0
      ]
    },
    "timestamp": 1465562100
  }
}
